<?xml version="1.0" encoding="UTF-8"?>
<testng-results ignored="1" total="2" passed="1" failed="0" skipped="0">
  <reporter-output>
  </reporter-output>
  <suite started-at="2018-06-30T14:47:01Z" name="Default suite" finished-at="2018-06-30T14:47:14Z" duration-ms="12808">
    <groups>
    </groups>
    <test started-at="2018-06-30T14:47:01Z" name="Default test" finished-at="2018-06-30T14:47:14Z" duration-ms="12808">
      <class name="formfill.Testclass">
        <test-method is-config="true" signature="beforem()[pri:0, instance:formfill.Testclass@1757cd72]" started-at="2018-06-30T20:17:01Z" name="beforem" finished-at="2018-06-30T20:17:05Z" duration-ms="4190" status="PASS">
          <reporter-output>
          </reporter-output>
        </test-method> <!-- beforem -->
        <test-method signature="test1()[pri:0, instance:formfill.Testclass@1757cd72]" started-at="2018-06-30T20:17:05Z" name="test1" finished-at="2018-06-30T20:17:14Z" duration-ms="8581" status="PASS">
          <reporter-output>
          </reporter-output>
        </test-method> <!-- test1 -->
      </class> <!-- formfill.Testclass -->
    </test> <!-- Default test -->
  </suite> <!-- Default suite -->
</testng-results>
